\BOOKMARK [1][-]{section.1}{\376\377\000E\000j\000e\000r\000c\000i\000c\000i\000o\000\040\000N\000\260\000\040\0001}{}% 1
\BOOKMARK [2][-]{subsection.1.1}{\376\377\000P\000r\000i\000m\000e\000r\000\040\000p\000u\000n\000t\000o}{section.1}% 2
\BOOKMARK [2][-]{subsection.1.2}{\376\377\000S\000e\000g\000u\000n\000d\000o\000\040\000p\000u\000n\000t\000o}{section.1}% 3
\BOOKMARK [2][-]{subsection.1.3}{\376\377\000T\000e\000r\000c\000e\000r\000\040\000p\000u\000n\000t\000o}{section.1}% 4
\BOOKMARK [1][-]{section.2}{\376\377\000E\000j\000e\000r\000c\000i\000c\000i\000o\000\040\000N\000\260\000\040\0002}{}% 5
\BOOKMARK [2][-]{subsection.2.1}{\376\377\000P\000r\000i\000m\000e\000r\000\040\000p\000u\000n\000t\000o}{section.2}% 6
\BOOKMARK [2][-]{subsection.2.2}{\376\377\000S\000e\000g\000u\000n\000d\000o\000\040\000p\000u\000n\000t\000o}{section.2}% 7
\BOOKMARK [2][-]{subsection.2.3}{\376\377\000T\000e\000r\000c\000e\000r\000\040\000p\000u\000n\000t\000o}{section.2}% 8
\BOOKMARK [1][-]{section.3}{\376\377\000E\000j\000e\000r\000c\000i\000c\000i\000o\000\040\000N\000\260\000\040\0003}{}% 9
\BOOKMARK [2][-]{subsection.3.1}{\376\377\000P\000r\000i\000m\000e\000r\000\040\000p\000u\000n\000t\000o}{section.3}% 10
\BOOKMARK [2][-]{subsection.3.2}{\376\377\000S\000e\000g\000u\000n\000d\000o\000\040\000p\000u\000n\000t\000o}{section.3}% 11
\BOOKMARK [2][-]{subsection.3.3}{\376\377\000T\000e\000r\000c\000e\000r\000\040\000p\000u\000n\000t\000o}{section.3}% 12
\BOOKMARK [2][-]{subsection.3.4}{\376\377\000C\000u\000a\000r\000t\000o\000\040\000p\000u\000n\000t\000o}{section.3}% 13
\BOOKMARK [2][-]{subsection.3.5}{\376\377\000Q\000u\000i\000n\000t\000o\000\040\000p\000u\000n\000t\000o}{section.3}% 14
\BOOKMARK [1][-]{section.4}{\376\377\000E\000j\000e\000r\000c\000i\000c\000i\000o\000\040\000N\000\260\000\040\0004}{}% 15
\BOOKMARK [2][-]{subsection.4.1}{\376\377\000P\000r\000i\000m\000e\000r\000\040\000p\000u\000n\000t\000o}{section.4}% 16
\BOOKMARK [2][-]{subsection.4.2}{\376\377\000S\000e\000g\000u\000n\000d\000o\000\040\000p\000u\000n\000t\000o}{section.4}% 17
\BOOKMARK [2][-]{subsection.4.3}{\376\377\000T\000e\000r\000c\000e\000r\000\040\000p\000u\000n\000t\000o}{section.4}% 18
\BOOKMARK [2][-]{subsection.4.4}{\376\377\000C\000u\000a\000r\000t\000o\000\040\000p\000u\000n\000t\000o}{section.4}% 19
\BOOKMARK [2][-]{subsection.4.5}{\376\377\000Q\000u\000i\000n\000t\000o\000\040\000p\000u\000n\000t\000o}{section.4}% 20
\BOOKMARK [2][-]{subsection.4.6}{\376\377\000S\000e\000x\000t\000o\000\040\000p\000u\000n\000t\000o}{section.4}% 21
